Using pre-set license
Built from '2020.3/staging' branch; Version is '2020.3.9f1 (108be757e447) revision 1084391'; Using compiler version '192528614'; Build Type 'Release'
OS: 'Windows 10 Pro; OS build 19042.1165; Version 2009; 64bit' Language: 'ko' Physical Memory: 16163 MB
BatchMode: 1, IsHumanControllingUs: 0, StartBugReporterOnCrash: 0, Is64bit: 1, IsPro: 0

 COMMAND LINE ARGUMENTS:
C:\Program Files\Unity\Hub\Editor\2020.3.9f1\Editor\Unity.exe
-adb2
-batchMode
-noUpm
-name
AssetImportWorker0
-projectPath
C:/Users/user/Desktop/Unity/RollABall
-logFile
Logs/AssetImportWorker0.log
-srvPort
60311
Successfully changed project path to: C:/Users/user/Desktop/Unity/RollABall
C:/Users/user/Desktop/Unity/RollABall
Using Asset Import Pipeline V2.
Refreshing native plugins compatible for Editor in 60.83 ms, found 0 plugins.
Preloading 0 native plugins for Editor in 0.00 ms.
Initialize engine version: 2020.3.9f1 (108be757e447)
[Subsystems] Discovering subsystems at path C:/Program Files/Unity/Hub/Editor/2020.3.9f1/Editor/Data/Resources/UnitySubsystems
[Subsystems] Discovering subsystems at path C:/Users/user/Desktop/Unity/RollABall/Assets
GfxDevice: creating device client; threaded=0
Direct3D:
    Version:  Direct3D 11.0 [level 11.1]
    Renderer: Intel(R) UHD Graphics (ID=0x9b41)
    Vendor:   
    VRAM:     8081 MB
    Driver:   26.20.100.7463
Initialize mono
Mono path[0] = 'C:/Program Files/Unity/Hub/Editor/2020.3.9f1/Editor/Data/Managed'
Mono path[1] = 'C:/Program Files/Unity/Hub/Editor/2020.3.9f1/Editor/Data/MonoBleedingEdge/lib/mono/unityjit'
Mono config path = 'C:/Program Files/Unity/Hub/Editor/2020.3.9f1/Editor/Data/MonoBleedingEdge/etc'
Using monoOptions --debugger-agent=transport=dt_socket,embedding=1,server=y,suspend=n,address=127.0.0.1:56872
Begin MonoManager ReloadAssembly
Registering precompiled unity dll's ...
Register platform support module: C:/Program Files/Unity/Hub/Editor/2020.3.9f1/Editor/Data/PlaybackEngines/WindowsStandaloneSupport/UnityEditor.WindowsStandalone.Extensions.dll
Registered in 0.004485 seconds.
Native extension for WindowsStandalone target not found
Refreshing native plugins compatible for Editor in 61.52 ms, found 0 plugins.
Preloading 0 native plugins for Editor in 0.00 ms.
Mono: successfully reloaded assembly
- Completed reload, in  5.234 seconds
Platform modules already initialized, skipping
Registering precompiled user dll's ...
Registered in 0.001506 seconds.
Begin MonoManager ReloadAssembly
Native extension for WindowsStandalone target not found
Refreshing native plugins compatible for Editor in 0.43 ms, found 0 plugins.
Preloading 0 native plugins for Editor in 0.00 ms.
Mono: successfully reloaded assembly
- Completed reload, in  2.033 seconds
Platform modules already initialized, skipping
========================================================================
Worker process is ready to serve import requests
Launched and connected shader compiler UnityShaderCompiler.exe after 0.08 seconds
Refreshing native plugins compatible for Editor in 0.44 ms, found 0 plugins.
Preloading 0 native plugins for Editor in 0.00 ms.
Unloading 1119 Unused Serialized files (Serialized files now loaded: 0)
System memory in use before: 59.7 MB.
System memory in use after: 59.8 MB.

Unloading 10 unused Assets to reduce memory usage. Loaded Objects now: 1567.
Total: 3.955200 ms (FindLiveObjects: 0.277000 ms CreateObjectMapping: 0.078400 ms MarkObjects: 3.442700 ms  DeleteObjects: 0.154900 ms)

========================================================================
Received Import Request.
  path: Assets/Scenes/GameScene1_0.unity
  artifactKey: Guid(00c8a329cab558445891925b34681438) Importer(815301076,1909f56bfc062723c751e8b465ee728b)
Start importing Assets/Scenes/GameScene1_0.unity using Guid(00c8a329cab558445891925b34681438) Importer(815301076,1909f56bfc062723c751e8b465ee728b)  -> (artifact id: '018549c79aa8ed0a610cd24d517ba72c') in 0.050945 seconds
  Import took 0.056476 seconds .

========================================================================
Received Prepare
Registering precompiled user dll's ...
Registered in 0.001450 seconds.
Begin MonoManager ReloadAssembly
Native extension for WindowsStandalone target not found
Refreshing native plugins compatible for Editor in 0.31 ms, found 0 plugins.
Preloading 0 native plugins for Editor in 0.00 ms.
Mono: successfully reloaded assembly
- Completed reload, in  2.298 seconds
Platform modules already initialized, skipping
Refreshing native plugins compatible for Editor in 0.63 ms, found 0 plugins.
Preloading 0 native plugins for Editor in 0.00 ms.
Unloading 1114 Unused Serialized files (Serialized files now loaded: 0)
System memory in use before: 59.7 MB.
System memory in use after: 59.7 MB.

Unloading 5 unused Assets to reduce memory usage. Loaded Objects now: 1570.
Total: 4.288000 ms (FindLiveObjects: 0.312000 ms CreateObjectMapping: 0.088200 ms MarkObjects: 3.728100 ms  DeleteObjects: 0.157400 ms)

========================================================================
Received Import Request.
  Time since last request: 866.729640 seconds.
  path: Assets/Scenes/GameScene1_2.unity
  artifactKey: Guid(4719805f3537d0c4282e32164d7ef3f7) Importer(815301076,1909f56bfc062723c751e8b465ee728b)
Start importing Assets/Scenes/GameScene1_2.unity using Guid(4719805f3537d0c4282e32164d7ef3f7) Importer(815301076,1909f56bfc062723c751e8b465ee728b)  -> (artifact id: 'f08f7485b14cf120ec886f8141451423') in 0.030807 seconds
  Import took 0.034663 seconds .

========================================================================
Received Import Request.
  Time since last request: 1.697604 seconds.
  path: Assets/Scenes/GameScene1_1.unity
  artifactKey: Guid(7ae50e955b9d8a942b79ca16bca82cb7) Importer(815301076,1909f56bfc062723c751e8b465ee728b)
Start importing Assets/Scenes/GameScene1_1.unity using Guid(7ae50e955b9d8a942b79ca16bca82cb7) Importer(815301076,1909f56bfc062723c751e8b465ee728b)  -> (artifact id: 'a3934dff7c988a11e321d1020e876dbf') in 0.014424 seconds
  Import took 0.018252 seconds .

========================================================================
Received Prepare
Registering precompiled user dll's ...
Registered in 0.001958 seconds.
Begin MonoManager ReloadAssembly
Native extension for WindowsStandalone target not found
Refreshing native plugins compatible for Editor in 0.80 ms, found 0 plugins.
Preloading 0 native plugins for Editor in 0.00 ms.
Mono: successfully reloaded assembly
- Completed reload, in  2.663 seconds
Platform modules already initialized, skipping
Refreshing native plugins compatible for Editor in 0.62 ms, found 0 plugins.
Preloading 0 native plugins for Editor in 0.00 ms.
Unloading 1114 Unused Serialized files (Serialized files now loaded: 0)
System memory in use before: 59.7 MB.
System memory in use after: 59.8 MB.

Unloading 5 unused Assets to reduce memory usage. Loaded Objects now: 1573.
Total: 4.763700 ms (FindLiveObjects: 0.328900 ms CreateObjectMapping: 0.102800 ms MarkObjects: 4.148000 ms  DeleteObjects: 0.179600 ms)

========================================================================
Received Import Request.
  Time since last request: 651.099966 seconds.
  path: Assets/Scripts/PlayerController.cs
  artifactKey: Guid(cc0d0ebb876e718478338468aade9f04) Importer(815301076,1909f56bfc062723c751e8b465ee728b)
Start importing Assets/Scripts/PlayerController.cs using Guid(cc0d0ebb876e718478338468aade9f04) Importer(815301076,1909f56bfc062723c751e8b465ee728b)  -> (artifact id: '2fbc43b58c34b7932581ea2d7f4edd12') in 0.038648 seconds
  Import took 0.041866 seconds .

========================================================================
Received Import Request.
  Time since last request: 0.018375 seconds.
  path: Assets/Scripts/PlayerController.cs
  artifactKey: Guid(cc0d0ebb876e718478338468aade9f04) Importer(815301076,1909f56bfc062723c751e8b465ee728b)
Start importing Assets/Scripts/PlayerController.cs using Guid(cc0d0ebb876e718478338468aade9f04) Importer(815301076,1909f56bfc062723c751e8b465ee728b)  -> (artifact id: '2fbc43b58c34b7932581ea2d7f4edd12') in 0.002910 seconds
  Import took 0.005980 seconds .

========================================================================
Received Prepare
Registering precompiled user dll's ...
Registered in 0.001403 seconds.
Begin MonoManager ReloadAssembly
Native extension for WindowsStandalone target not found
Refreshing native plugins compatible for Editor in 0.44 ms, found 0 plugins.
Preloading 0 native plugins for Editor in 0.00 ms.
Mono: successfully reloaded assembly
- Completed reload, in  2.375 seconds
Platform modules already initialized, skipping
Refreshing native plugins compatible for Editor in 0.56 ms, found 0 plugins.
Preloading 0 native plugins for Editor in 0.00 ms.
Unloading 1114 Unused Serialized files (Serialized files now loaded: 0)
System memory in use before: 59.7 MB.
System memory in use after: 59.8 MB.

Unloading 5 unused Assets to reduce memory usage. Loaded Objects now: 1576.
Total: 4.975700 ms (FindLiveObjects: 0.342400 ms CreateObjectMapping: 0.116000 ms MarkObjects: 4.382500 ms  DeleteObjects: 0.131500 ms)

========================================================================
Received Prepare
Registering precompiled user dll's ...
Registered in 0.001015 seconds.
Begin MonoManager ReloadAssembly
Native extension for WindowsStandalone target not found
Refreshing native plugins compatible for Editor in 0.65 ms, found 0 plugins.
Preloading 0 native plugins for Editor in 0.00 ms.
Mono: successfully reloaded assembly
- Completed reload, in  1.751 seconds
Platform modules already initialized, skipping
Refreshing native plugins compatible for Editor in 0.95 ms, found 0 plugins.
Preloading 0 native plugins for Editor in 0.00 ms.
Unloading 1114 Unused Serialized files (Serialized files now loaded: 0)
System memory in use before: 59.7 MB.
System memory in use after: 59.8 MB.

Unloading 5 unused Assets to reduce memory usage. Loaded Objects now: 1579.
Total: 5.711200 ms (FindLiveObjects: 0.445800 ms CreateObjectMapping: 0.138100 ms MarkObjects: 4.975900 ms  DeleteObjects: 0.146600 ms)

========================================================================
Received Prepare
Registering precompiled user dll's ...
Registered in 0.000903 seconds.
Begin MonoManager ReloadAssembly
Native extension for WindowsStandalone target not found
Refreshing native plugins compatible for Editor in 0.74 ms, found 0 plugins.
Preloading 0 native plugins for Editor in 0.00 ms.
Mono: successfully reloaded assembly
- Completed reload, in  2.374 seconds
Platform modules already initialized, skipping
Refreshing native plugins compatible for Editor in 0.28 ms, found 0 plugins.
Preloading 0 native plugins for Editor in 0.00 ms.
Unloading 1114 Unused Serialized files (Serialized files now loaded: 0)
System memory in use before: 59.7 MB.
System memory in use after: 59.8 MB.

Unloading 5 unused Assets to reduce memory usage. Loaded Objects now: 1582.
Total: 3.369100 ms (FindLiveObjects: 0.280200 ms CreateObjectMapping: 0.090600 ms MarkObjects: 2.934500 ms  DeleteObjects: 0.061700 ms)

========================================================================
Received Import Request.
  Time since last request: 1036.797984 seconds.
  path: Assets/Scenes/GameScene1_2.unity
  artifactKey: Guid(4719805f3537d0c4282e32164d7ef3f7) Importer(815301076,1909f56bfc062723c751e8b465ee728b)
Start importing Assets/Scenes/GameScene1_2.unity using Guid(4719805f3537d0c4282e32164d7ef3f7) Importer(815301076,1909f56bfc062723c751e8b465ee728b)  -> (artifact id: '20e9c561341396915a81ca6c5cd35251') in 0.022345 seconds
  Import took 0.026270 seconds .

========================================================================
Received Prepare
Registering precompiled user dll's ...
Registered in 0.001302 seconds.
Begin MonoManager ReloadAssembly
Native extension for WindowsStandalone target not found
Refreshing native plugins compatible for Editor in 0.46 ms, found 0 plugins.
Preloading 0 native plugins for Editor in 0.00 ms.
Mono: successfully reloaded assembly
- Completed reload, in  1.789 seconds
Platform modules already initialized, skipping
Refreshing native plugins compatible for Editor in 0.49 ms, found 0 plugins.
Preloading 0 native plugins for Editor in 0.00 ms.
Unloading 1114 Unused Serialized files (Serialized files now loaded: 0)
System memory in use before: 59.7 MB.
System memory in use after: 59.8 MB.

Unloading 5 unused Assets to reduce memory usage. Loaded Objects now: 1585.
Total: 4.042500 ms (FindLiveObjects: 0.301100 ms CreateObjectMapping: 0.092800 ms MarkObjects: 3.533900 ms  DeleteObjects: 0.112300 ms)

========================================================================
Received Prepare
Registering precompiled user dll's ...
Registered in 0.001018 seconds.
Begin MonoManager ReloadAssembly
Native extension for WindowsStandalone target not found
Refreshing native plugins compatible for Editor in 0.35 ms, found 0 plugins.
Preloading 0 native plugins for Editor in 0.00 ms.
Mono: successfully reloaded assembly
- Completed reload, in  1.984 seconds
Platform modules already initialized, skipping
Refreshing native plugins compatible for Editor in 0.37 ms, found 0 plugins.
Preloading 0 native plugins for Editor in 0.00 ms.
Unloading 1114 Unused Serialized files (Serialized files now loaded: 0)
System memory in use before: 59.8 MB.
System memory in use after: 59.8 MB.

Unloading 5 unused Assets to reduce memory usage. Loaded Objects now: 1588.
Total: 3.319500 ms (FindLiveObjects: 0.268000 ms CreateObjectMapping: 0.072800 ms MarkObjects: 2.905400 ms  DeleteObjects: 0.071500 ms)

========================================================================
Received Prepare
Registering precompiled user dll's ...
Registered in 0.000900 seconds.
Begin MonoManager ReloadAssembly
Native extension for WindowsStandalone target not found
Refreshing native plugins compatible for Editor in 0.59 ms, found 0 plugins.
Preloading 0 native plugins for Editor in 0.00 ms.
Mono: successfully reloaded assembly
- Completed reload, in  2.258 seconds
Platform modules already initialized, skipping
Refreshing native plugins compatible for Editor in 0.44 ms, found 0 plugins.
Preloading 0 native plugins for Editor in 0.00 ms.
Unloading 1114 Unused Serialized files (Serialized files now loaded: 0)
System memory in use before: 59.8 MB.
System memory in use after: 59.8 MB.

Unloading 5 unused Assets to reduce memory usage. Loaded Objects now: 1591.
Total: 3.701600 ms (FindLiveObjects: 0.243900 ms CreateObjectMapping: 0.078100 ms MarkObjects: 3.245500 ms  DeleteObjects: 0.132200 ms)

========================================================================
Received Prepare
Registering precompiled user dll's ...
Registered in 0.001448 seconds.
Begin MonoManager ReloadAssembly
Native extension for WindowsStandalone target not found
Refreshing native plugins compatible for Editor in 0.44 ms, found 0 plugins.
Preloading 0 native plugins for Editor in 0.00 ms.
Mono: successfully reloaded assembly
- Completed reload, in  2.270 seconds
Platform modules already initialized, skipping
Refreshing native plugins compatible for Editor in 0.41 ms, found 0 plugins.
Preloading 0 native plugins for Editor in 0.00 ms.
Unloading 1114 Unused Serialized files (Serialized files now loaded: 0)
System memory in use before: 59.8 MB.
System memory in use after: 59.8 MB.

Unloading 5 unused Assets to reduce memory usage. Loaded Objects now: 1594.
Total: 4.576300 ms (FindLiveObjects: 0.302300 ms CreateObjectMapping: 0.198000 ms MarkObjects: 3.991800 ms  DeleteObjects: 0.082300 ms)

========================================================================
Received Prepare
Registering precompiled user dll's ...
Registered in 0.001310 seconds.
Begin MonoManager ReloadAssembly
Native extension for WindowsStandalone target not found
Refreshing native plugins compatible for Editor in 0.55 ms, found 0 plugins.
Preloading 0 native plugins for Editor in 0.00 ms.
Mono: successfully reloaded assembly
- Completed reload, in  1.902 seconds
Platform modules already initialized, skipping
Refreshing native plugins compatible for Editor in 0.49 ms, found 0 plugins.
Preloading 0 native plugins for Editor in 0.00 ms.
Unloading 1114 Unused Serialized files (Serialized files now loaded: 0)
System memory in use before: 59.8 MB.
System memory in use after: 59.8 MB.

Unloading 5 unused Assets to reduce memory usage. Loaded Objects now: 1597.
Total: 4.248100 ms (FindLiveObjects: 0.294500 ms CreateObjectMapping: 0.087300 ms MarkObjects: 3.750600 ms  DeleteObjects: 0.113200 ms)

========================================================================
Received Prepare
Registering precompiled user dll's ...
Registered in 0.001961 seconds.
Begin MonoManager ReloadAssembly
Native extension for WindowsStandalone target not found
Refreshing native plugins compatible for Editor in 0.41 ms, found 0 plugins.
Preloading 0 native plugins for Editor in 0.00 ms.
Mono: successfully reloaded assembly
- Completed reload, in  1.932 seconds
Platform modules already initialized, skipping
Refreshing native plugins compatible for Editor in 0.32 ms, found 0 plugins.
Preloading 0 native plugins for Editor in 0.00 ms.
Unloading 1114 Unused Serialized files (Serialized files now loaded: 0)
System memory in use before: 59.8 MB.
System memory in use after: 59.9 MB.

Unloading 5 unused Assets to reduce memory usage. Loaded Objects now: 1600.
Total: 2.797400 ms (FindLiveObjects: 0.218100 ms CreateObjectMapping: 0.054600 ms MarkObjects: 2.450300 ms  DeleteObjects: 0.073100 ms)

========================================================================
Received Prepare
Registering precompiled user dll's ...
Registered in 0.001220 seconds.
Begin MonoManager ReloadAssembly
Native extension for WindowsStandalone target not found
Refreshing native plugins compatible for Editor in 0.35 ms, found 0 plugins.
Preloading 0 native plugins for Editor in 0.00 ms.
Mono: successfully reloaded assembly
- Completed reload, in  1.885 seconds
Platform modules already initialized, skipping
Refreshing native plugins compatible for Editor in 0.49 ms, found 0 plugins.
Preloading 0 native plugins for Editor in 0.00 ms.
Unloading 1114 Unused Serialized files (Serialized files now loaded: 0)
System memory in use before: 59.8 MB.
System memory in use after: 59.9 MB.

Unloading 5 unused Assets to reduce memory usage. Loaded Objects now: 1603.
Total: 3.630000 ms (FindLiveObjects: 0.258100 ms CreateObjectMapping: 0.078800 ms MarkObjects: 3.193300 ms  DeleteObjects: 0.097500 ms)

========================================================================
Received Prepare
Registering precompiled user dll's ...
Registered in 0.000954 seconds.
Begin MonoManager ReloadAssembly
Native extension for WindowsStandalone target not found
Refreshing native plugins compatible for Editor in 0.42 ms, found 0 plugins.
Preloading 0 native plugins for Editor in 0.00 ms.
Mono: successfully reloaded assembly
- Completed reload, in  2.231 seconds
Platform modules already initialized, skipping
Refreshing native plugins compatible for Editor in 0.48 ms, found 0 plugins.
Preloading 0 native plugins for Editor in 0.00 ms.
Unloading 1114 Unused Serialized files (Serialized files now loaded: 0)
System memory in use before: 59.8 MB.
System memory in use after: 59.9 MB.

Unloading 5 unused Assets to reduce memory usage. Loaded Objects now: 1606.
Total: 3.794000 ms (FindLiveObjects: 0.217100 ms CreateObjectMapping: 0.050600 ms MarkObjects: 3.387600 ms  DeleteObjects: 0.135600 ms)

========================================================================
Received Prepare
Registering precompiled user dll's ...
Registered in 0.001251 seconds.
Begin MonoManager ReloadAssembly
Native extension for WindowsStandalone target not found
Refreshing native plugins compatible for Editor in 0.58 ms, found 0 plugins.
Preloading 0 native plugins for Editor in 0.00 ms.
Mono: successfully reloaded assembly
- Completed reload, in  2.007 seconds
Platform modules already initialized, skipping
Refreshing native plugins compatible for Editor in 0.37 ms, found 0 plugins.
Preloading 0 native plugins for Editor in 0.00 ms.
Unloading 1114 Unused Serialized files (Serialized files now loaded: 0)
System memory in use before: 59.8 MB.
System memory in use after: 59.9 MB.

Unloading 5 unused Assets to reduce memory usage. Loaded Objects now: 1609.
Total: 3.280400 ms (FindLiveObjects: 0.257500 ms CreateObjectMapping: 0.075300 ms MarkObjects: 2.845000 ms  DeleteObjects: 0.100500 ms)

========================================================================
Received Import Request.
  Time since last request: 1165.496307 seconds.
  path: Assets/Scenes/GameScene1_1.unity
  artifactKey: Guid(7ae50e955b9d8a942b79ca16bca82cb7) Importer(815301076,1909f56bfc062723c751e8b465ee728b)
Start importing Assets/Scenes/GameScene1_1.unity using Guid(7ae50e955b9d8a942b79ca16bca82cb7) Importer(815301076,1909f56bfc062723c751e8b465ee728b)  -> (artifact id: 'bd207b50691c35fcbbb307154ed91fe0') in 0.031781 seconds
  Import took 0.035436 seconds .

========================================================================
Received Prepare
Registering precompiled user dll's ...
Registered in 0.001107 seconds.
Begin MonoManager ReloadAssembly
Native extension for WindowsStandalone target not found
Refreshing native plugins compatible for Editor in 0.65 ms, found 0 plugins.
Preloading 0 native plugins for Editor in 0.00 ms.
Mono: successfully reloaded assembly
- Completed reload, in  1.868 seconds
Platform modules already initialized, skipping
Refreshing native plugins compatible for Editor in 0.35 ms, found 0 plugins.
Preloading 0 native plugins for Editor in 0.00 ms.
Unloading 1114 Unused Serialized files (Serialized files now loaded: 0)
System memory in use before: 59.8 MB.
System memory in use after: 59.9 MB.

Unloading 5 unused Assets to reduce memory usage. Loaded Objects now: 1612.
Total: 2.978400 ms (FindLiveObjects: 0.281500 ms CreateObjectMapping: 0.073300 ms MarkObjects: 2.542100 ms  DeleteObjects: 0.079800 ms)

========================================================================
Received Prepare
Registering precompiled user dll's ...
Registered in 0.001429 seconds.
Begin MonoManager ReloadAssembly
Native extension for WindowsStandalone target not found
Refreshing native plugins compatible for Editor in 0.45 ms, found 0 plugins.
Preloading 0 native plugins for Editor in 0.00 ms.
Mono: successfully reloaded assembly
- Completed reload, in  2.416 seconds
Platform modules already initialized, skipping
Refreshing native plugins compatible for Editor in 0.49 ms, found 0 plugins.
Preloading 0 native plugins for Editor in 0.00 ms.
Unloading 1114 Unused Serialized files (Serialized files now loaded: 0)
System memory in use before: 59.8 MB.
System memory in use after: 59.9 MB.

Unloading 5 unused Assets to reduce memory usage. Loaded Objects now: 1615.
Total: 4.389900 ms (FindLiveObjects: 0.313100 ms CreateObjectMapping: 0.096800 ms MarkObjects: 3.833600 ms  DeleteObjects: 0.143300 ms)

========================================================================
Received Prepare
Registering precompiled user dll's ...
Registered in 0.000815 seconds.
Begin MonoManager ReloadAssembly
Native extension for WindowsStandalone target not found
Refreshing native plugins compatible for Editor in 0.34 ms, found 0 plugins.
Preloading 0 native plugins for Editor in 0.00 ms.
Mono: successfully reloaded assembly
- Completed reload, in  1.901 seconds
Platform modules already initialized, skipping
Refreshing native plugins compatible for Editor in 0.42 ms, found 0 plugins.
Preloading 0 native plugins for Editor in 0.00 ms.
Unloading 1114 Unused Serialized files (Serialized files now loaded: 0)
System memory in use before: 59.8 MB.
System memory in use after: 59.9 MB.

Unloading 5 unused Assets to reduce memory usage. Loaded Objects now: 1618.
Total: 3.555400 ms (FindLiveObjects: 0.289300 ms CreateObjectMapping: 0.087200 ms MarkObjects: 3.079100 ms  DeleteObjects: 0.097900 ms)

========================================================================
Received Prepare
Registering precompiled user dll's ...
Registered in 0.001143 seconds.
Begin MonoManager ReloadAssembly
Native extension for WindowsStandalone target not found
Refreshing native plugins compatible for Editor in 0.62 ms, found 0 plugins.
Preloading 0 native plugins for Editor in 0.00 ms.
Mono: successfully reloaded assembly
- Completed reload, in  2.455 seconds
Platform modules already initialized, skipping
Refreshing native plugins compatible for Editor in 0.46 ms, found 0 plugins.
Preloading 0 native plugins for Editor in 0.00 ms.
Unloading 1114 Unused Serialized files (Serialized files now loaded: 0)
System memory in use before: 59.9 MB.
System memory in use after: 59.9 MB.

Unloading 5 unused Assets to reduce memory usage. Loaded Objects now: 1621.
Total: 3.845500 ms (FindLiveObjects: 0.274600 ms CreateObjectMapping: 0.073700 ms MarkObjects: 3.398700 ms  DeleteObjects: 0.096000 ms)

========================================================================
Received Prepare
Registering precompiled user dll's ...
Registered in 0.001336 seconds.
Begin MonoManager ReloadAssembly
Native extension for WindowsStandalone target not found
Refreshing native plugins compatible for Editor in 0.45 ms, found 0 plugins.
Preloading 0 native plugins for Editor in 0.00 ms.
Mono: successfully reloaded assembly
- Completed reload, in  1.882 seconds
Platform modules already initialized, skipping
Refreshing native plugins compatible for Editor in 0.44 ms, found 0 plugins.
Preloading 0 native plugins for Editor in 0.00 ms.
Unloading 1114 Unused Serialized files (Serialized files now loaded: 0)
System memory in use before: 59.9 MB.
System memory in use after: 59.9 MB.

Unloading 5 unused Assets to reduce memory usage. Loaded Objects now: 1624.
Total: 3.354800 ms (FindLiveObjects: 0.261800 ms CreateObjectMapping: 0.075300 ms MarkObjects: 2.918200 ms  DeleteObjects: 0.097700 ms)

========================================================================
Received Import Request.
  Time since last request: 657.969808 seconds.
  path: Assets/Scenes/GameScene1_1.unity
  artifactKey: Guid(7ae50e955b9d8a942b79ca16bca82cb7) Importer(815301076,1909f56bfc062723c751e8b465ee728b)
Start importing Assets/Scenes/GameScene1_1.unity using Guid(7ae50e955b9d8a942b79ca16bca82cb7) Importer(815301076,1909f56bfc062723c751e8b465ee728b)  -> (artifact id: 'b44e5b027a2382c2785e20c04bf10310') in 0.022478 seconds
  Import took 0.025854 seconds .

========================================================================
Received Prepare
Registering precompiled user dll's ...
Registered in 0.000963 seconds.
Begin MonoManager ReloadAssembly
Native extension for WindowsStandalone target not found
Refreshing native plugins compatible for Editor in 0.95 ms, found 0 plugins.
Preloading 0 native plugins for Editor in 0.00 ms.
Mono: successfully reloaded assembly
- Completed reload, in  2.718 seconds
Platform modules already initialized, skipping
Refreshing native plugins compatible for Editor in 0.71 ms, found 0 plugins.
Preloading 0 native plugins for Editor in 0.00 ms.
Unloading 1114 Unused Serialized files (Serialized files now loaded: 0)
System memory in use before: 59.9 MB.
System memory in use after: 59.9 MB.

Unloading 5 unused Assets to reduce memory usage. Loaded Objects now: 1627.
Total: 4.606000 ms (FindLiveObjects: 0.292600 ms CreateObjectMapping: 0.093700 ms MarkObjects: 4.127800 ms  DeleteObjects: 0.088700 ms)

========================================================================
Received Import Request.
  Time since last request: 213.601169 seconds.
  path: Assets/Scenes/GameScene1_2.unity
  artifactKey: Guid(4719805f3537d0c4282e32164d7ef3f7) Importer(815301076,1909f56bfc062723c751e8b465ee728b)
Start importing Assets/Scenes/GameScene1_2.unity using Guid(4719805f3537d0c4282e32164d7ef3f7) Importer(815301076,1909f56bfc062723c751e8b465ee728b)  -> (artifact id: 'cce86419d92431d795f3c1805e058eff') in 0.023671 seconds
  Import took 0.027881 seconds .

========================================================================
Received Import Request.
  Time since last request: 0.001041 seconds.
  path: Assets/Scenes/GameScene1_2.unity
  artifactKey: Guid(4719805f3537d0c4282e32164d7ef3f7) Importer(815301076,1909f56bfc062723c751e8b465ee728b)
Start importing Assets/Scenes/GameScene1_2.unity using Guid(4719805f3537d0c4282e32164d7ef3f7) Importer(815301076,1909f56bfc062723c751e8b465ee728b)  -> (artifact id: 'cce86419d92431d795f3c1805e058eff') in 0.006283 seconds
  Import took 0.010535 seconds .

========================================================================
Received Import Request.
  Time since last request: 21.384210 seconds.
  path: Assets/Scenes/GameScene1_2
  artifactKey: Guid(1c9c20ebea4ba234da5e8835dca3e3f0) Importer(815301076,1909f56bfc062723c751e8b465ee728b)
Start importing Assets/Scenes/GameScene1_2 using Guid(1c9c20ebea4ba234da5e8835dca3e3f0) Importer(815301076,1909f56bfc062723c751e8b465ee728b)  -> (artifact id: 'd3482db33a7ac09743857308ede8ecf8') in 0.014539 seconds
  Import took 0.017834 seconds .

========================================================================
Received Import Request.
  Time since last request: 0.444051 seconds.
  path: Assets/Scenes/GameScene1_1
  artifactKey: Guid(3c06b432a1450d343aaf926c1850e74c) Importer(815301076,1909f56bfc062723c751e8b465ee728b)
Start importing Assets/Scenes/GameScene1_1 using Guid(3c06b432a1450d343aaf926c1850e74c) Importer(815301076,1909f56bfc062723c751e8b465ee728b)  -> (artifact id: '5b87fcc2f79262d5bd84ce708ff1a2e1') in 0.014953 seconds
  Import took 0.018506 seconds .

========================================================================
Received Import Request.
  Time since last request: 5.351141 seconds.
  path: Assets/Scenes/GameScene1_1.unity
  artifactKey: Guid(7ae50e955b9d8a942b79ca16bca82cb7) Importer(815301076,1909f56bfc062723c751e8b465ee728b)
Start importing Assets/Scenes/GameScene1_1.unity using Guid(7ae50e955b9d8a942b79ca16bca82cb7) Importer(815301076,1909f56bfc062723c751e8b465ee728b)  -> (artifact id: '6e933e20195352120d75841e73e6266b') in 0.006092 seconds
  Import took 0.009679 seconds .

========================================================================
Received Import Request.
  Time since last request: 33.248366 seconds.
  path: Assets/Scenes/GameScene1_2.unity
  artifactKey: Guid(4719805f3537d0c4282e32164d7ef3f7) Importer(815301076,1909f56bfc062723c751e8b465ee728b)
Start importing Assets/Scenes/GameScene1_2.unity using Guid(4719805f3537d0c4282e32164d7ef3f7) Importer(815301076,1909f56bfc062723c751e8b465ee728b)  -> (artifact id: '37b78a520a0158ae54ea9be1f7208785') in 0.005417 seconds
  Import took 0.009564 seconds .

========================================================================
Received Prepare
Registering precompiled user dll's ...
Registered in 0.001396 seconds.
Begin MonoManager ReloadAssembly
Native extension for WindowsStandalone target not found
Refreshing native plugins compatible for Editor in 0.47 ms, found 0 plugins.
Preloading 0 native plugins for Editor in 0.00 ms.
Mono: successfully reloaded assembly
- Completed reload, in  2.247 seconds
Platform modules already initialized, skipping
Refreshing native plugins compatible for Editor in 0.53 ms, found 0 plugins.
Preloading 0 native plugins for Editor in 0.00 ms.
Unloading 1114 Unused Serialized files (Serialized files now loaded: 0)
System memory in use before: 59.9 MB.
System memory in use after: 60.0 MB.

Unloading 5 unused Assets to reduce memory usage. Loaded Objects now: 1630.
Total: 4.224800 ms (FindLiveObjects: 0.304600 ms CreateObjectMapping: 0.095000 ms MarkObjects: 3.714300 ms  DeleteObjects: 0.107900 ms)

========================================================================
Received Prepare
Registering precompiled user dll's ...
Registered in 0.001504 seconds.
Begin MonoManager ReloadAssembly
Native extension for WindowsStandalone target not found
Refreshing native plugins compatible for Editor in 0.54 ms, found 0 plugins.
Preloading 0 native plugins for Editor in 0.00 ms.
Mono: successfully reloaded assembly
- Completed reload, in  2.353 seconds
Platform modules already initialized, skipping
Refreshing native plugins compatible for Editor in 0.44 ms, found 0 plugins.
Preloading 0 native plugins for Editor in 0.00 ms.
Unloading 1114 Unused Serialized files (Serialized files now loaded: 0)
System memory in use before: 59.9 MB.
System memory in use after: 60.0 MB.

Unloading 5 unused Assets to reduce memory usage. Loaded Objects now: 1633.
Total: 4.582900 ms (FindLiveObjects: 0.335400 ms CreateObjectMapping: 0.096700 ms MarkObjects: 4.026200 ms  DeleteObjects: 0.122100 ms)

========================================================================
Received Import Request.
  Time since last request: 77.755979 seconds.
  path: Assets/Scenes/GameScene1_2.unity
  artifactKey: Guid(4719805f3537d0c4282e32164d7ef3f7) Importer(815301076,1909f56bfc062723c751e8b465ee728b)
Start importing Assets/Scenes/GameScene1_2.unity using Guid(4719805f3537d0c4282e32164d7ef3f7) Importer(815301076,1909f56bfc062723c751e8b465ee728b)  -> (artifact id: '47354381f9c667476c73817768a85219') in 0.024652 seconds
  Import took 0.028033 seconds .

========================================================================
Received Import Request.
  Time since last request: 4.896264 seconds.
  path: Assets/Scenes/GameScene1_1.unity
  artifactKey: Guid(7ae50e955b9d8a942b79ca16bca82cb7) Importer(815301076,1909f56bfc062723c751e8b465ee728b)
Start importing Assets/Scenes/GameScene1_1.unity using Guid(7ae50e955b9d8a942b79ca16bca82cb7) Importer(815301076,1909f56bfc062723c751e8b465ee728b)  -> (artifact id: '5a136fa6c30d206fafe9ce9774b4ea3c') in 0.005083 seconds
  Import took 0.009204 seconds .

========================================================================
Received Prepare
Registering precompiled user dll's ...
Registered in 0.001943 seconds.
Begin MonoManager ReloadAssembly
Native extension for WindowsStandalone target not found
Refreshing native plugins compatible for Editor in 0.51 ms, found 0 plugins.
Preloading 0 native plugins for Editor in 0.00 ms.
Mono: successfully reloaded assembly
- Completed reload, in  2.376 seconds
Platform modules already initialized, skipping
Refreshing native plugins compatible for Editor in 0.38 ms, found 0 plugins.
Preloading 0 native plugins for Editor in 0.00 ms.
Unloading 1114 Unused Serialized files (Serialized files now loaded: 0)
System memory in use before: 59.9 MB.
System memory in use after: 60.0 MB.

Unloading 5 unused Assets to reduce memory usage. Loaded Objects now: 1636.
Total: 3.711800 ms (FindLiveObjects: 0.250200 ms CreateObjectMapping: 0.063000 ms MarkObjects: 3.302400 ms  DeleteObjects: 0.094400 ms)

AssetImportWorkerClient::OnTransportError - code=2 error=End of file
